/*C5*/SET SCHEMA PUBLIC
create table if not exists Pages (Id integer identity primary key, Name varchar(255) unique, Content clob)
/*C1*/SET SCHEMA SYSTEM_LOBS
INSERT INTO LOB_IDS VALUES(10,297,0,40)
ALTER SEQUENCE SYSTEM_LOBS.LOB_ID RESTART WITH 11
COMMIT
DELETE FROM BLOCKS WHERE BLOCK_ADDR=9
INSERT INTO BLOCKS VALUES(9,1,0)
INSERT INTO BLOCKS VALUES(10,2147483637,0)
DELETE FROM BLOCKS WHERE BLOCK_ADDR=9
INSERT INTO LOBS VALUES(9,1,0,10)
COMMIT
/*C5*/DELETE FROM PAGES WHERE ID=0
INSERT INTO PAGES VALUES(0,'Apple',10)
SET SCHEMA SYSTEM_LOBS
DELETE FROM LOB_IDS WHERE LOB_ID=6
INSERT INTO LOB_IDS VALUES(6,252,0,40)
DELETE FROM LOB_IDS WHERE LOB_ID=10
INSERT INTO LOB_IDS VALUES(10,297,1,40)
COMMIT
/*C1*/INSERT INTO LOB_IDS VALUES(11,318,0,40)
ALTER SEQUENCE SYSTEM_LOBS.LOB_ID RESTART WITH 12
COMMIT
DELETE FROM BLOCKS WHERE BLOCK_ADDR=10
INSERT INTO BLOCKS VALUES(10,1,0)
INSERT INTO BLOCKS VALUES(11,2147483636,0)
DELETE FROM BLOCKS WHERE BLOCK_ADDR=10
INSERT INTO LOBS VALUES(10,1,0,11)
COMMIT
/*C5*/SET SCHEMA PUBLIC
DELETE FROM PAGES WHERE ID=0
INSERT INTO PAGES VALUES(0,'Apple',11)
SET SCHEMA SYSTEM_LOBS
DELETE FROM LOB_IDS WHERE LOB_ID=10
INSERT INTO LOB_IDS VALUES(10,297,0,40)
DELETE FROM LOB_IDS WHERE LOB_ID=11
INSERT INTO LOB_IDS VALUES(11,318,1,40)
COMMIT
/*C1*/INSERT INTO LOB_IDS VALUES(12,57,0,40)
ALTER SEQUENCE SYSTEM_LOBS.LOB_ID RESTART WITH 13
COMMIT
DELETE FROM BLOCKS WHERE BLOCK_ADDR=11
INSERT INTO BLOCKS VALUES(11,1,0)
INSERT INTO BLOCKS VALUES(12,2147483635,0)
DELETE FROM BLOCKS WHERE BLOCK_ADDR=11
INSERT INTO LOBS VALUES(11,1,0,12)
COMMIT
/*C5*/SET SCHEMA PUBLIC
INSERT INTO PAGES VALUES(4,'Step 2 Banana',12)
SET SCHEMA SYSTEM_LOBS
DELETE FROM LOB_IDS WHERE LOB_ID=12
INSERT INTO LOB_IDS VALUES(12,57,1,40)
COMMIT
SET SCHEMA PUBLIC
DELETE FROM PAGES WHERE ID=4
SET SCHEMA SYSTEM_LOBS
DELETE FROM LOB_IDS WHERE LOB_ID=12
INSERT INTO LOB_IDS VALUES(12,57,0,40)
COMMIT
/*C1*/INSERT INTO LOB_IDS VALUES(13,17,0,40)
ALTER SEQUENCE SYSTEM_LOBS.LOB_ID RESTART WITH 14
COMMIT
DELETE FROM BLOCKS WHERE BLOCK_ADDR=12
INSERT INTO BLOCKS VALUES(12,1,0)
INSERT INTO BLOCKS VALUES(13,2147483634,0)
DELETE FROM BLOCKS WHERE BLOCK_ADDR=12
INSERT INTO LOBS VALUES(12,1,0,13)
COMMIT
/*C5*/SET SCHEMA PUBLIC
INSERT INTO PAGES VALUES(5,'Guava',13)
SET SCHEMA SYSTEM_LOBS
DELETE FROM LOB_IDS WHERE LOB_ID=13
INSERT INTO LOB_IDS VALUES(13,17,1,40)
COMMIT
/*C1*/INSERT INTO LOB_IDS VALUES(14,33,0,40)
ALTER SEQUENCE SYSTEM_LOBS.LOB_ID RESTART WITH 15
COMMIT
DELETE FROM BLOCKS WHERE BLOCK_ADDR=13
INSERT INTO BLOCKS VALUES(13,1,0)
INSERT INTO BLOCKS VALUES(14,2147483633,0)
DELETE FROM BLOCKS WHERE BLOCK_ADDR=13
INSERT INTO LOBS VALUES(13,1,0,14)
COMMIT
/*C5*/SET SCHEMA PUBLIC
INSERT INTO PAGES VALUES(6,'apple',14)
SET SCHEMA SYSTEM_LOBS
DELETE FROM LOB_IDS WHERE LOB_ID=14
INSERT INTO LOB_IDS VALUES(14,33,1,40)
COMMIT
SET SCHEMA PUBLIC
DISCONNECT
/*C6*/SET SCHEMA PUBLIC
DISCONNECT
/*C7*/SET SCHEMA PUBLIC
DISCONNECT
